[09:31:21] [INFO] [CorvusStar] [SKIP] Dirty working tree.
[09:31:21] [WARNING] [KeepOS] [SKIP] Path not found.
[09:31:21] [WARNING] [The Nexus] [SKIP] Path not found.
[09:39:54] [INFO] [CorvusStar] [SKIP] Dirty working tree.
[09:39:54] [WARNING] [KeepOS] [SKIP] Path not found.
[09:39:54] [WARNING] [The Nexus] [SKIP] Path not found.
[10:20:42] [ERROR] [c:\Users\Craig\Corvus\CorvusStar] [CRASH] GOOGLE_API_KEY environment variable not set.
[10:20:42] [WARNING] [KeepOS] [SKIP] Path not found.
[10:20:42] [WARNING] [The Nexus] [SKIP] Path not found.
[10:22:50] [INFO] [CorvusStar] [SKIP] Dirty working tree.
[10:22:50] [WARNING] [KeepOS] [SKIP] Path not found.
[10:22:50] [WARNING] [The Nexus] [SKIP] Path not found.
[10:24:47] [ERROR] [c:\Users\Craig\Corvus\CorvusStar] [CRASH] GOOGLE_API_KEY environment variable not set.
[10:24:48] [WARNING] [KeepOS] [SKIP] Path not found.
[10:24:48] [WARNING] [The Nexus] [SKIP] Path not found.
[10:53:43] [INFO] [CorvusStar] [SKIP] Dirty working tree.
[10:53:43] [WARNING] [KeepOS] [SKIP] Path not found.
[10:53:43] [WARNING] [The Nexus] [SKIP] Path not found.
[11:00:38] [ERROR] [c:\Users\Craig\Corvus\CorvusStar] [CRASH] GOOGLE_API_KEY environment variable not set.
[11:00:38] [WARNING] [KeepOS] [SKIP] Path not found.
[11:00:38] [WARNING] [The Nexus] [SKIP] Path not found.
[11:01:55] [INFO] [CorvusStar] [SKIP] Dirty working tree.
[11:01:55] [WARNING] [KeepOS] [SKIP] Path not found.
[11:01:55] [WARNING] [The Nexus] [SKIP] Path not found.
[11:03:41] [INFO] [CorvusStar] [TARGET] Scaffold test for catalog_check.py (catalog_check.py)
[11:03:41] [ERROR] [CorvusStar] [FORGE_ERROR] 401 API keys are not supported by this API. Expected OAuth2 access token or other authentication credentials that assert a principal. See https://cloud.google.com/docs/authentication [reason: "CREDENTIALS_MISSING"
domain: "googleapis.com"
metadata {
  key: "service"
  value: "generativelanguage.googleapis.com"
}
metadata {
  key: "method"
  value: "google.ai.generativelanguage.v1beta.GenerativeService.GenerateContent"
}
]
[11:03:41] [WARNING] [KeepOS] [SKIP] Path not found.
[11:03:41] [WARNING] [The Nexus] [SKIP] Path not found.
[14:52:42] [INFO] [CorvusStar] [SKIP] Dirty working tree.
[14:52:42] [WARNING] [KeepOS] [SKIP] Path not found.
[14:52:42] [WARNING] [The Nexus] [SKIP] Path not found.
[14:53:37] [INFO] [CorvusStar] [TARGET] Scaffold test for catalog_check.py (catalog_check.py)
[14:53:37] [ERROR] [CorvusStar] [FORGE_ERROR] 404 models/gemini-1.5-flash is not found for API version v1beta, or is not supported for generateContent. Call ListModels to see the list of available models and their supported methods.
[14:53:37] [WARNING] [KeepOS] [SKIP] Path not found.
[14:53:37] [WARNING] [The Nexus] [SKIP] Path not found.
[15:06:02] [INFO] [CorvusStar] [SKIP] Dirty working tree.
[15:06:02] [WARNING] [KeepOS] [SKIP] Path not found.
[15:06:02] [WARNING] [The Nexus] [SKIP] Path not found.
[15:21:02] [INFO] [CorvusStar] [SKIP] Dirty working tree.
[15:21:02] [WARNING] [KeepOS] [SKIP] Path not found.
[15:21:02] [WARNING] [The Nexus] [SKIP] Path not found.
[15:36:02] [INFO] [CorvusStar] [SKIP] Dirty working tree.
[15:36:02] [WARNING] [KeepOS] [SKIP] Path not found.
[15:36:02] [WARNING] [The Nexus] [SKIP] Path not found.
[15:51:02] [INFO] [CorvusStar] [SKIP] Dirty working tree.
[15:51:02] [WARNING] [KeepOS] [SKIP] Path not found.
[15:51:02] [WARNING] [The Nexus] [SKIP] Path not found.
[16:06:02] [INFO] [CorvusStar] [SKIP] Dirty working tree.
[16:06:02] [WARNING] [KeepOS] [SKIP] Path not found.
[16:06:02] [WARNING] [The Nexus] [SKIP] Path not found.
[17:03:58] [INFO] [CorvusStar] [TARGET] Scaffold test for catalog_check.py (catalog_check.py)
[17:03:58] [ERROR] [CorvusStar] [FORGE_ERROR] 404 models/gemini-1.5-flash-001 is not found for API version v1beta, or is not supported for generateContent. Call ListModels to see the list of available models and their supported methods.
[17:03:58] [WARNING] [KeepOS] [SKIP] Path not found.
[17:03:58] [WARNING] [The Nexus] [SKIP] Path not found.
[17:05:34] [INFO] [CorvusStar] [SKIP] Dirty working tree.
[17:05:34] [WARNING] [KeepOS] [SKIP] Path not found.
[17:05:34] [WARNING] [The Nexus] [SKIP] Path not found.
