============================= test session starts =============================
platform win32 -- Python 3.14.2, pytest-9.0.2, pluggy-1.6.0 -- C:\Users\Craig\Corvus\CorvusStar\.venv\Scripts\python.exe
cachedir: .pytest_cache
rootdir: C:\Users\Craig\Corvus\CorvusStar
configfile: pyproject.toml
plugins: anyio-4.12.1, asyncio-1.3.0, bdd-8.1.0
asyncio: mode=Mode.AUTO, debug=False, asyncio_default_fixture_loop_scope=None, asyncio_default_test_loop_scope=function
collecting ... collected 2 items

tests/empire_tests/test_muninn_naming_empire.py::test_muninn_run_instantiation FAILED [ 50%]
tests/empire_tests/test_muninn_naming_empire.py::test_muninn_initialization_failure FAILED [100%]

================================== FAILURES ===================================
________________________ test_muninn_run_instantiation ________________________
tests\empire_tests\test_muninn_naming_empire.py:23: in test_muninn_run_instantiation
    patch("src.sentinel.muninn.ValkyrieWarden"), \
    ^^^^^^^^^^^^^^^^^^^^^^^^^^^^^^^^^^^^^^^^^^^
C:\Python314\Lib\unittest\mock.py:1503: in __enter__
    original, local = self.get_original()
                      ^^^^^^^^^^^^^^^^^^^
C:\Python314\Lib\unittest\mock.py:1473: in get_original
    raise AttributeError(
E   AttributeError: <module 'src.sentinel.muninn' from 'C:\\Users\\Craig\\Corvus\\CorvusStar\\src\\sentinel\\muninn.py'> does not have the attribute 'ValkyrieWarden'
_____________________ test_muninn_initialization_failure ______________________
tests\empire_tests\test_muninn_naming_empire.py:58: in test_muninn_initialization_failure
    with pytest.raises(ValueError, match="API environment variable not set"):
         ^^^^^^^^^^^^^^^^^^^^^^^^^^^^^^^^^^^^^^^^^^^^^^^^^^^^^^^^^^^^^^^^^^^
E   Failed: DID NOT RAISE <class 'ValueError'>
============================== warnings summary ===============================
.venv\Lib\site-packages\google\genai\types.py:43
  C:\Users\Craig\Corvus\CorvusStar\.venv\Lib\site-packages\google\genai\types.py:43: DeprecationWarning: '_UnionGenericAlias' is deprecated and slated for removal in Python 3.17
    VersionedUnionType = Union[builtin_types.UnionType, _UnionGenericAlias]

-- Docs: https://docs.pytest.org/en/stable/how-to/capture-warnings.html
=========================== short test summary info ===========================
FAILED tests/empire_tests/test_muninn_naming_empire.py::test_muninn_run_instantiation
FAILED tests/empire_tests/test_muninn_naming_empire.py::test_muninn_initialization_failure
======================== 2 failed, 1 warning in 2.20s =========================
